<?xml version="1.0" encoding="UTF-8"?>
<!-- Generated by org.testng.reporters.JUnitReportReporter -->
<testsuite hostname="Aadya" failures="0" tests="4" name="basetest.LoginTest" time="6.538" errors="0" timestamp="2023-02-14T20:07:31 IST" skipped="0">
  <testcase classname="basetest.LoginTest" name="verifyBuildTitleName" time="0.030"/>
  <system-out/>
  <testcase classname="basetest.LoginTest" name="verifyTitleOfLoginPage" time="1.345"/>
  <system-out/>
  <testcase classname="basetest.LoginTest" name="verifyCurrentUrlOfPage" time="0.012"/>
  <system-out/>
  <testcase classname="basetest.LoginTest" name="verifyLoginWithCorrectCredential" time="5.151"/>
  <system-out/>
</testsuite> <!-- basetest.LoginTest -->
