<?xml version="1.0" encoding="UTF-8"?>
<!-- Generated by org.testng.reporters.JUnitReportReporter -->
<testsuite hostname="Aadya" failures="0" tests="4" name="test.LoginTest" time="5.315" errors="0" timestamp="2023-02-16T08:17:11 IST" skipped="0">
  <testcase classname="test.LoginTest" name="verifyBuildTitleName" time="0.021"/>
  <system-out/>
  <testcase classname="test.LoginTest" name="verifyTitleOfLoginPage" time="3.058"/>
  <system-out/>
  <testcase classname="test.LoginTest" name="verifyCurrentUrlOfPage" time="0.006"/>
  <system-out/>
  <testcase classname="test.LoginTest" name="verifyLoginWithCorrectCredentials" time="2.230"/>
  <system-out/>
</testsuite> <!-- test.LoginTest -->
