<?xml version="1.0" encoding="UTF-8"?>
<!-- Generated by org.testng.reporters.JUnitReportReporter -->
<testsuite hostname="Aadya" failures="0" tests="3" name="test.PIMTest" time="2.216" errors="0" timestamp="2023-02-16T08:17:11 IST" skipped="0">
  <testcase classname="test.PIMTest" name="verifyPimPageTitle" time="1.972"/>
  <system-out/>
  <testcase classname="test.PIMTest" name="verifyEmpSearchEmpId" time="0.243"/>
  <system-out/>
  <testcase classname="test.PIMTest" name="TestIngChanges" time="0.001"/>
  <system-out/>
</testsuite> <!-- test.PIMTest -->
